#
# A fatal error has been detected by the Java Runtime Environment:
#
#  EXCEPTION_ACCESS_VIOLATION (0xc0000005) at pc=0x00007ff9877f02ae, pid=12112, tid=5376
#
# JRE version: Java(TM) SE Runtime Environment (15.0+36) (build 15+36-1562)
# Java VM: Java HotSpot(TM) 64-Bit Server VM (15+36-1562, mixed mode, sharing, tiered, compressed oops, g1 gc, windows-amd64)
# Problematic frame:
# C  [awt.dll+0x902ae]
#
# No core dump will be written. Minidumps are not enabled by default on client versions of Windows
#
# If you would like to submit a bug report, please visit:
#   https://bugreport.java.com/bugreport/crash.jsp
# The crash happened outside the Java Virtual Machine in native code.
# See problematic frame for where to report the bug.
#

---------------  S U M M A R Y ------------

Command Line: -Dfile.encoding=UTF-8 Main_Class.ProjectNFC

Host: Intel(R) Core(TM) i5-9400F CPU @ 2.90GHz, 6 cores, 15G,  Windows 10 , 64 bit Build 19041 (10.0.19041.804)
Time: Fri Mar 12 00:29:32 2021 éRínïWèÄéû elapsed time: 4.647559 seconds (0d 0h 0m 4s)

---------------  T H R E A D  ---------------

Current thread (0x000001fb1d490480):  JavaThread "main" [_thread_in_native, id=5376, stack(0x000000be1b200000,0x000000be1b300000)]

Stack: [0x000000be1b200000,0x000000be1b300000],  sp=0x000000be1b2feaa0,  free space=1018k
Native frames: (J=compiled Java code, j=interpreted, Vv=VM code, C=native code)
C  [awt.dll+0x902ae]

Java frames: (J=compiled Java code, j=interpreted, Vv=VM code)
j  sun.awt.windows.WComponentPeer._setFont(Ljava/awt/Font;)V+0 java.desktop@15
j  sun.awt.windows.WComponentPeer.setFont(Ljava/awt/Font;)V+7 java.desktop@15
j  sun.awt.windows.WWindowPeer.initialize()V+42 java.desktop@15
j  sun.awt.windows.WFramePeer.initialize()V+1 java.desktop@15
j  sun.awt.windows.WComponentPeer.<init>(Ljava/awt/Component;)V+83 java.desktop@15
j  sun.awt.windows.WCanvasPeer.<init>(Ljava/awt/Component;)V+2 java.desktop@15
j  sun.awt.windows.WPanelPeer.<init>(Ljava/awt/Component;)V+2 java.desktop@15
j  sun.awt.windows.WWindowPeer.<init>(Ljava/awt/Window;)V+2 java.desktop@15
j  sun.awt.windows.WFramePeer.<init>(Ljava/awt/Frame;)V+2 java.desktop@15
j  sun.awt.windows.WToolkit.createFrame(Ljava/awt/Frame;)Ljava/awt/peer/FramePeer;+5 java.desktop@15
j  java.awt.Frame.addNotify()V+20 java.desktop@15
j  java.awt.Window.show()V+8 java.desktop@15
j  java.awt.Component.show(Z)V+5 java.desktop@15
j  java.awt.Component.setVisible(Z)V+2 java.desktop@15
j  java.awt.Window.setVisible(Z)V+2 java.desktop@15
j  Controller.MainDisplay.initialComponents()V+1259
j  Controller.MainDisplay.<init>(LController/BackendModels;)V+24
j  Main_Class.ProjectNFC.main([Ljava/lang/String;)V+18
v  ~StubRoutines::call_stub

siginfo: EXCEPTION_ACCESS_VIOLATION (0xc0000005), reading address 0x0000000000000058


Register to memory mapping:

RIP=0x00007ff9877f02ae awt.dll
RAX=0x00007ff9878617f0 awt.dll
RBX=0x000001fb1d4907a8 points into unknown readable memory: 0x00007ff9868dbe40 | 40 be 8d 86 f9 7f 00 00
RCX=0x000001fb428bf190 points into unknown readable memory: 0x00007ff9878617f0 | f0 17 86 87 f9 7f 00 00
RDX=0x0 is NULL
RSP=0x000000be1b2feaa0 is pointing into the stack for thread: 0x000001fb1d490480
RBP=0x0 is NULL
RSI=0x000001fb426ccc58 is a global jni handle
RDI=0x000001fb426ccc60 is a global jni handle
R8 =0x0000000000000042 is an unknown value
R9 =0x0000000800c66340 is a pointer to class: 
java.awt.Font {0x0000000800c66348}
R10=0x0000000000008000 is an unknown value
R11=0x000000be1b2feaa0 is pointing into the stack for thread: 0x000001fb1d490480
R12=0x0 is NULL
R13={method} {0x000001fb42fd7b60} '_setFont' '(Ljava/awt/Font;)V' in 'sun/awt/windows/WComponentPeer'
R14=0x000001fb428bf190 points into unknown readable memory: 0x00007ff9878617f0 | f0 17 86 87 f9 7f 00 00
R15=0x000001fb428d7510 points into unknown readable memory: 0x000001fb426ccc58 | 58 cc 6c 42 fb 01 00 00


Registers:
RAX=0x00007ff9878617f0, RBX=0x000001fb1d4907a8, RCX=0x000001fb428bf190, RDX=0x0000000000000000
RSP=0x000000be1b2feaa0, RBP=0x0000000000000000, RSI=0x000001fb426ccc58, RDI=0x000001fb426ccc60
R8 =0x0000000000000042, R9 =0x0000000800c66340, R10=0x0000000000008000, R11=0x000000be1b2feaa0
R12=0x0000000000000000, R13=0x000001fb42fd7b58, R14=0x000001fb428bf190, R15=0x000001fb428d7510
RIP=0x00007ff9877f02ae, EFLAGS=0x0000000000010206

Top of Stack: (sp=0x000000be1b2feaa0)
0x000000be1b2feaa0:   000001fb428d7510 000001fb428bf190
0x000000be1b2feab0:   000001fb428bf190 000001fb426ccc60
0x000000be1b2feac0:   000001fb426ccc60 00007ff9877f5175
0x000000be1b2fead0:   000001fb1d4907a8 000001fb1d4907a8
0x000000be1b2feae0:   0000000000000000 000001fb426ccc58
0x000000be1b2feaf0:   000001fb1d490480 000000be1b2fec20
0x000000be1b2feb00:   000001fb428d7510 00007ff98782d191
0x000000be1b2feb10:   00007ff987898ff8 000000be1b2febf8
0x000000be1b2feb20:   00007ff9877f5048 000001fb1d490480
0x000000be1b2feb30:   000001fb426ccc58 00007ff9877f630e
0x000000be1b2feb40:   000001fb426ccc60 000000be1b2fec18
0x000000be1b2feb50:   000000be1b2fec18 00007ff987898ff8
0x000000be1b2feb60:   000000000000052e 000001fb256dfd2c
0x000000be1b2feb70:   000001fb42fd7b58 0000000000000196
0x000000be1b2feb80:   000001fb42fd7b58 0000000000000196
0x000000be1b2feb90:   3ff0000000000000 000001fb1d490480 

Instructions: (pc=0x00007ff9877f02ae)
0x00007ff9877f01ae:   00 48 8b d9 e8 9d dc ff ff 48 8b f8 48 85 c0 75
0x00007ff9877f01be:   04 48 8b 7b 48 48 8b cf e8 3f 04 05 00 48 8b d8
0x00007ff9877f01ce:   48 85 c0 74 60 83 64 24 20 00 0f 57 c0 83 64 24
0x00007ff9877f01de:   34 00 b9 11 00 00 00 83 64 24 38 00 f3 0f 7f 44
0x00007ff9877f01ee:   24 24 ff 15 12 51 0a 00 4c 8d 44 24 40 ba 5c 00
0x00007ff9877f01fe:   00 00 48 8b c8 ff 15 b7 53 0a 00 83 f8 5c 75 0d
0x00007ff9877f020e:   48 8d 54 24 40 48 8b cb e8 9e 04 05 00 48 8d 54
0x00007ff9877f021e:   24 20 48 8b cb e8 b5 04 05 00 48 8b d3 48 8b cf
0x00007ff9877f022e:   e8 62 04 05 00 48 8b 8c 24 a0 00 00 00 48 33 cc
0x00007ff9877f023e:   e8 ad 11 05 00 48 8b 9c 24 c8 00 00 00 48 81 c4
0x00007ff9877f024e:   b0 00 00 00 5f c3 40 53 48 83 ec 20 48 8b d9 ff
0x00007ff9877f025e:   15 f5 58 0a 00 48 85 c0 75 0a 48 8b 4b 48 ff 15
0x00007ff9877f026e:   de 58 0a 00 48 83 c4 20 5b c3 4c 63 c2 48 8b 15
0x00007ff9877f027e:   c6 3c 0a 00 48 ff 25 6f 57 0a 00 cc cc cc 48 8b
0x00007ff9877f028e:   d1 48 8b 0d 9a 6c 0a 00 48 89 15 93 6c 0a 00 e9
0x00007ff9877f029e:   8a 51 04 00 cc cc 48 89 5c 24 08 57 48 83 ec 20
0x00007ff9877f02ae:   83 7a 58 00 48 8b da 48 8b f9 7d 08 48 8b ca e8
0x00007ff9877f02be:   f2 8b 01 00 4c 8b 43 48 45 33 c9 48 8b 4f 48 4d
0x00007ff9877f02ce:   8b 00 41 8d 51 30 ff 15 e6 59 0a 00 48 8b 4f 48
0x00007ff9877f02de:   33 d2 44 8d 42 01 48 8b 5c 24 30 48 83 c4 20 5f
0x00007ff9877f02ee:   48 ff 25 83 58 0a 00 cc cc cc 48 8b c4 48 89 58
0x00007ff9877f02fe:   08 48 89 68 10 48 89 70 18 48 89 78 20 41 56 48
0x00007ff9877f030e:   83 ec 20 4c 8b f2 48 8b f9 48 8b 0d da 8a 0a 00
0x00007ff9877f031e:   ba 02 00 01 00 41 8b e8 e8 c8 0f 05 00 48 8b 97
0x00007ff9877f032e:   c0 00 00 00 33 db 48 8b f0 48 85 d2 74 0d 4c 8b
0x00007ff9877f033e:   08 48 8b c8 41 ff 91 b0 00 00 00 4d 85 f6 74 14
0x00007ff9877f034e:   48 8b 06 49 8b d6 48 8b ce ff 90 a8 00 00 00 48
0x00007ff9877f035e:   8b d8 eb 05 bd 01 00 00 00 48 89 9f c0 00 00 00
0x00007ff9877f036e:   89 af c8 00 00 00 48 8b 5c 24 30 48 8b 6c 24 38
0x00007ff9877f037e:   48 8b 74 24 40 48 8b 7c 24 48 48 83 c4 20 41 5e
0x00007ff9877f038e:   c3 cc 48 89 5c 24 08 48 89 6c 24 10 48 89 74 24
0x00007ff9877f039e:   18 57 48 83 ec 20 33 db 48 8b f9 48 85 c9 75 09 


Stack slot to memory mapping:
stack at sp + 0 slots: 0x000001fb428d7510 points into unknown readable memory: 0x000001fb426ccc58 | 58 cc 6c 42 fb 01 00 00
stack at sp + 1 slots: 0x000001fb428bf190 points into unknown readable memory: 0x00007ff9878617f0 | f0 17 86 87 f9 7f 00 00
stack at sp + 2 slots: 0x000001fb428bf190 points into unknown readable memory: 0x00007ff9878617f0 | f0 17 86 87 f9 7f 00 00
stack at sp + 3 slots: 0x000001fb426ccc60 is a global jni handle
stack at sp + 4 slots: 0x000001fb426ccc60 is a global jni handle
stack at sp + 5 slots: 0x00007ff9877f5175 awt.dll
stack at sp + 6 slots: 0x000001fb1d4907a8 points into unknown readable memory: 0x00007ff9868dbe40 | 40 be 8d 86 f9 7f 00 00
stack at sp + 7 slots: 0x000001fb1d4907a8 points into unknown readable memory: 0x00007ff9868dbe40 | 40 be 8d 86 f9 7f 00 00


---------------  P R O C E S S  ---------------

Threads class SMR info:
_java_thread_list=0x000001fb413aa930, length=17, elements={
0x000001fb1d490480, 0x000001fb4076ad30, 0x000001fb4076b900, 0x000001fb40785fe0,
0x000001fb40788db0, 0x000001fb4078b770, 0x000001fb4078e7f0, 0x000001fb40792790,
0x000001fb4079c9c0, 0x000001fb411421c0, 0x000001fb411a0810, 0x000001fb41364280,
0x000001fb41a7b1e0, 0x000001fb41a7c9f0, 0x000001fb41a7b6b0, 0x000001fb41a7d860,
0x000001fb4266de70
}

Java Threads: ( => current thread )
=>0x000001fb1d490480 JavaThread "main" [_thread_in_native, id=5376, stack(0x000000be1b200000,0x000000be1b300000)]
  0x000001fb4076ad30 JavaThread "Reference Handler" daemon [_thread_blocked, id=7404, stack(0x000000be1b900000,0x000000be1ba00000)]
  0x000001fb4076b900 JavaThread "Finalizer" daemon [_thread_blocked, id=11972, stack(0x000000be1ba00000,0x000000be1bb00000)]
  0x000001fb40785fe0 JavaThread "Signal Dispatcher" daemon [_thread_blocked, id=6076, stack(0x000000be1bb00000,0x000000be1bc00000)]
  0x000001fb40788db0 JavaThread "Attach Listener" daemon [_thread_blocked, id=10272, stack(0x000000be1bc00000,0x000000be1bd00000)]
  0x000001fb4078b770 JavaThread "Service Thread" daemon [_thread_blocked, id=440, stack(0x000000be1bd00000,0x000000be1be00000)]
  0x000001fb4078e7f0 JavaThread "C2 CompilerThread0" daemon [_thread_blocked, id=11676, stack(0x000000be1be00000,0x000000be1bf00000)]
  0x000001fb40792790 JavaThread "C1 CompilerThread0" daemon [_thread_blocked, id=11516, stack(0x000000be1bf00000,0x000000be1c000000)]
  0x000001fb4079c9c0 JavaThread "Sweeper thread" daemon [_thread_blocked, id=2628, stack(0x000000be1c000000,0x000000be1c100000)]
  0x000001fb411421c0 JavaThread "Notification Thread" daemon [_thread_blocked, id=304, stack(0x000000be1c100000,0x000000be1c200000)]
  0x000001fb411a0810 JavaThread "Common-Cleaner" daemon [_thread_blocked, id=1932, stack(0x000000be1c300000,0x000000be1c400000)]
  0x000001fb41364280 JavaThread "Keep-Alive-Timer" daemon [_thread_blocked, id=7584, stack(0x000000be1c400000,0x000000be1c500000)]
  0x000001fb41a7b1e0 JavaThread "Java2D Disposer" daemon [_thread_blocked, id=4668, stack(0x000000be1cb00000,0x000000be1cc00000)]
  0x000001fb41a7c9f0 JavaThread "AWT-Shutdown" [_thread_blocked, id=8728, stack(0x000000be1cc00000,0x000000be1cd00000)]
  0x000001fb41a7b6b0 JavaThread "AWT-Windows" daemon [_thread_in_native, id=6060, stack(0x000000be1cd00000,0x000000be1ce00000)]
  0x000001fb41a7d860 JavaThread "AWT-EventQueue-0" [_thread_blocked, id=9136, stack(0x000000be1ca00000,0x000000be1cb00000)]
  0x000001fb4266de70 JavaThread "C2 CompilerThread1" daemon [_thread_blocked, id=15440, stack(0x000000be1d000000,0x000000be1d100000)]

Other Threads:
  0x000001fb407684a0 VMThread "VM Thread" [stack: 0x000000be1b800000,0x000000be1b900000] [id=14856]
  0x000001fb410d1980 WatcherThread [stack: 0x000000be1c200000,0x000000be1c300000] [id=8560]
  0x000001fb1d4e09a0 GCTaskThread "GC Thread#0" [stack: 0x000000be1b300000,0x000000be1b400000] [id=6292]
  0x000001fb41133be0 GCTaskThread "GC Thread#1" [stack: 0x000000be1c500000,0x000000be1c600000] [id=16128]
  0x000001fb41135bc0 GCTaskThread "GC Thread#2" [stack: 0x000000be1c600000,0x000000be1c700000] [id=12508]
  0x000001fb41135ef0 GCTaskThread "GC Thread#3" [stack: 0x000000be1c700000,0x000000be1c800000] [id=15672]
  0x000001fb41c50d40 GCTaskThread "GC Thread#4" [stack: 0x000000be1c800000,0x000000be1c900000] [id=280]
  0x000001fb41c51070 GCTaskThread "GC Thread#5" [stack: 0x000000be1c900000,0x000000be1ca00000] [id=9228]
  0x000001fb1d4f1b70 ConcurrentGCThread "G1 Main Marker" [stack: 0x000000be1b400000,0x000000be1b500000] [id=13320]
  0x000001fb1d4f2f80 ConcurrentGCThread "G1 Conc#0" [stack: 0x000000be1b500000,0x000000be1b600000] [id=12932]
  0x000001fb1d56e9f0 ConcurrentGCThread "G1 Refine#0" [stack: 0x000000be1b600000,0x000000be1b700000] [id=11576]
  0x000001fb4065b7d0 ConcurrentGCThread "G1 Young RemSet Sampling" [stack: 0x000000be1b700000,0x000000be1b800000] [id=11228]

Threads with active compile tasks:

VM state: not at safepoint (normal execution)

VM Mutex/Monitor currently owned by a thread: None

Heap address: 0x0000000701000000, size: 4080 MB, Compressed Oops mode: Zero based, Oop shift amount: 3
CDS archive(s) mapped at: [0x0000000800000000-0x0000000800b50000-0x0000000800b50000), size 11862016, SharedBaseAddress: 0x0000000800000000, ArchiveRelocationMode: 0.
Compressed class space mapped at: 0x0000000800b50000-0x0000000840b50000, size: 1073741824
Narrow klass base: 0x0000000800000000, Narrow klass shift: 3, Narrow klass range: 0x100000000

GC Precious Log:
 CPUs: 6 total, 6 available
 Memory: 16318M
 Large Page Support: Disabled
 NUMA Support: Disabled
 Compressed Oops: Enabled (Zero based)
 Heap Region Size: 2M
 Heap Min Capacity: 8M
 Heap Initial Capacity: 256M
 Heap Max Capacity: 4080M
 Pre-touch: Disabled
 Parallel Workers: 6
 Concurrent Workers: 2
 Concurrent Refinement Workers: 6
 Periodic GC: Disabled

Heap:
 garbage-first heap   total 262144K, used 76285K [0x0000000701000000, 0x0000000800000000)
  region size 2048K, 32 young (65536K), 1 survivors (2048K)
 Metaspace       used 17385K, capacity 17634K, committed 17920K, reserved 1064960K
  class space    used 1909K, capacity 2008K, committed 2048K, reserved 1048576K

Heap Regions: E=young(eden), S=young(survivor), O=old, HS=humongous(starts), HC=humongous(continues), CS=collection set, F=free, OA=open archive, CA=closed archive, TAMS=top-at-mark-start (previous, next)
|   0|0x0000000701000000, 0x0000000701200000, 0x0000000701200000|100%|HS|  |TAMS 0x0000000701000000, 0x0000000701000000| Complete 
|   1|0x0000000701200000, 0x0000000701400000, 0x0000000701400000|100%|HS|  |TAMS 0x0000000701200000, 0x0000000701200000| Complete 
|   2|0x0000000701400000, 0x0000000701600000, 0x0000000701600000|100%|HC|  |TAMS 0x0000000701400000, 0x0000000701400000| Complete 
|   3|0x0000000701600000, 0x0000000701800000, 0x0000000701800000|100%|HS|  |TAMS 0x0000000701600000, 0x0000000701600000| Complete 
|   4|0x0000000701800000, 0x0000000701a00000, 0x0000000701a00000|100%| O|  |TAMS 0x0000000701800000, 0x0000000701800000| Untracked 
|   5|0x0000000701a00000, 0x0000000701be3200, 0x0000000701c00000| 94%| O|  |TAMS 0x0000000701a00000, 0x0000000701a00000| Untracked 
|   6|0x0000000701c00000, 0x0000000701e00000, 0x0000000701e00000|100%|HS|  |TAMS 0x0000000701c00000, 0x0000000701c00000| Complete 
|   7|0x0000000701e00000, 0x0000000702000000, 0x0000000702000000|100%|HS|  |TAMS 0x0000000701e00000, 0x0000000701e00000| Complete 
|   8|0x0000000702000000, 0x0000000702000000, 0x0000000702200000|  0%| F|  |TAMS 0x0000000702000000, 0x0000000702000000| Untracked 
|   9|0x0000000702200000, 0x0000000702200000, 0x0000000702400000|  0%| F|  |TAMS 0x0000000702200000, 0x0000000702200000| Untracked 
|  10|0x0000000702400000, 0x0000000702400000, 0x0000000702600000|  0%| F|  |TAMS 0x0000000702400000, 0x0000000702400000| Untracked 
|  11|0x0000000702600000, 0x0000000702600000, 0x0000000702800000|  0%| F|  |TAMS 0x0000000702600000, 0x0000000702600000| Untracked 
|  12|0x0000000702800000, 0x0000000702800000, 0x0000000702a00000|  0%| F|  |TAMS 0x0000000702800000, 0x0000000702800000| Untracked 
|  13|0x0000000702a00000, 0x0000000702a00000, 0x0000000702c00000|  0%| F|  |TAMS 0x0000000702a00000, 0x0000000702a00000| Untracked 
|  14|0x0000000702c00000, 0x0000000702c00000, 0x0000000702e00000|  0%| F|  |TAMS 0x0000000702c00000, 0x0000000702c00000| Untracked 
|  15|0x0000000702e00000, 0x0000000702e00000, 0x0000000703000000|  0%| F|  |TAMS 0x0000000702e00000, 0x0000000702e00000| Untracked 
|  16|0x0000000703000000, 0x0000000703000000, 0x0000000703200000|  0%| F|  |TAMS 0x0000000703000000, 0x0000000703000000| Untracked 
|  17|0x0000000703200000, 0x0000000703200000, 0x0000000703400000|  0%| F|  |TAMS 0x0000000703200000, 0x0000000703200000| Untracked 
|  18|0x0000000703400000, 0x0000000703400000, 0x0000000703600000|  0%| F|  |TAMS 0x0000000703400000, 0x0000000703400000| Untracked 
|  19|0x0000000703600000, 0x0000000703600000, 0x0000000703800000|  0%| F|  |TAMS 0x0000000703600000, 0x0000000703600000| Untracked 
|  20|0x0000000703800000, 0x0000000703800000, 0x0000000703a00000|  0%| F|  |TAMS 0x0000000703800000, 0x0000000703800000| Untracked 
|  21|0x0000000703a00000, 0x0000000703a00000, 0x0000000703c00000|  0%| F|  |TAMS 0x0000000703a00000, 0x0000000703a00000| Untracked 
|  22|0x0000000703c00000, 0x0000000703c00000, 0x0000000703e00000|  0%| F|  |TAMS 0x0000000703c00000, 0x0000000703c00000| Untracked 
|  23|0x0000000703e00000, 0x0000000703e00000, 0x0000000704000000|  0%| F|  |TAMS 0x0000000703e00000, 0x0000000703e00000| Untracked 
|  24|0x0000000704000000, 0x0000000704000000, 0x0000000704200000|  0%| F|  |TAMS 0x0000000704000000, 0x0000000704000000| Untracked 
|  25|0x0000000704200000, 0x0000000704200000, 0x0000000704400000|  0%| F|  |TAMS 0x0000000704200000, 0x0000000704200000| Untracked 
|  26|0x0000000704400000, 0x0000000704400000, 0x0000000704600000|  0%| F|  |TAMS 0x0000000704400000, 0x0000000704400000| Untracked 
|  27|0x0000000704600000, 0x0000000704600000, 0x0000000704800000|  0%| F|  |TAMS 0x0000000704600000, 0x0000000704600000| Untracked 
|  28|0x0000000704800000, 0x0000000704800000, 0x0000000704a00000|  0%| F|  |TAMS 0x0000000704800000, 0x0000000704800000| Untracked 
|  29|0x0000000704a00000, 0x0000000704a00000, 0x0000000704c00000|  0%| F|  |TAMS 0x0000000704a00000, 0x0000000704a00000| Untracked 
|  30|0x0000000704c00000, 0x0000000704c00000, 0x0000000704e00000|  0%| F|  |TAMS 0x0000000704c00000, 0x0000000704c00000| Untracked 
|  31|0x0000000704e00000, 0x0000000704e00000, 0x0000000705000000|  0%| F|  |TAMS 0x0000000704e00000, 0x0000000704e00000| Untracked 
|  32|0x0000000705000000, 0x0000000705000000, 0x0000000705200000|  0%| F|  |TAMS 0x0000000705000000, 0x0000000705000000| Untracked 
|  33|0x0000000705200000, 0x0000000705200000, 0x0000000705400000|  0%| F|  |TAMS 0x0000000705200000, 0x0000000705200000| Untracked 
|  34|0x0000000705400000, 0x0000000705400000, 0x0000000705600000|  0%| F|  |TAMS 0x0000000705400000, 0x0000000705400000| Untracked 
|  35|0x0000000705600000, 0x0000000705600000, 0x0000000705800000|  0%| F|  |TAMS 0x0000000705600000, 0x0000000705600000| Untracked 
|  36|0x0000000705800000, 0x0000000705800000, 0x0000000705a00000|  0%| F|  |TAMS 0x0000000705800000, 0x0000000705800000| Untracked 
|  37|0x0000000705a00000, 0x0000000705a00000, 0x0000000705c00000|  0%| F|  |TAMS 0x0000000705a00000, 0x0000000705a00000| Untracked 
|  38|0x0000000705c00000, 0x0000000705c00000, 0x0000000705e00000|  0%| F|  |TAMS 0x0000000705c00000, 0x0000000705c00000| Untracked 
|  39|0x0000000705e00000, 0x0000000705e00000, 0x0000000706000000|  0%| F|  |TAMS 0x0000000705e00000, 0x0000000705e00000| Untracked 
|  40|0x0000000706000000, 0x0000000706000000, 0x0000000706200000|  0%| F|  |TAMS 0x0000000706000000, 0x0000000706000000| Untracked 
|  41|0x0000000706200000, 0x0000000706200000, 0x0000000706400000|  0%| F|  |TAMS 0x0000000706200000, 0x0000000706200000| Untracked 
|  42|0x0000000706400000, 0x0000000706400000, 0x0000000706600000|  0%| F|  |TAMS 0x0000000706400000, 0x0000000706400000| Untracked 
|  43|0x0000000706600000, 0x0000000706600000, 0x0000000706800000|  0%| F|  |TAMS 0x0000000706600000, 0x0000000706600000| Untracked 
|  44|0x0000000706800000, 0x0000000706800000, 0x0000000706a00000|  0%| F|  |TAMS 0x0000000706800000, 0x0000000706800000| Untracked 
|  45|0x0000000706a00000, 0x0000000706a00000, 0x0000000706c00000|  0%| F|  |TAMS 0x0000000706a00000, 0x0000000706a00000| Untracked 
|  46|0x0000000706c00000, 0x0000000706c00000, 0x0000000706e00000|  0%| F|  |TAMS 0x0000000706c00000, 0x0000000706c00000| Untracked 
|  47|0x0000000706e00000, 0x0000000706e00000, 0x0000000707000000|  0%| F|  |TAMS 0x0000000706e00000, 0x0000000706e00000| Untracked 
|  48|0x0000000707000000, 0x0000000707000000, 0x0000000707200000|  0%| F|  |TAMS 0x0000000707000000, 0x0000000707000000| Untracked 
|  49|0x0000000707200000, 0x0000000707200000, 0x0000000707400000|  0%| F|  |TAMS 0x0000000707200000, 0x0000000707200000| Untracked 
|  50|0x0000000707400000, 0x0000000707400000, 0x0000000707600000|  0%| F|  |TAMS 0x0000000707400000, 0x0000000707400000| Untracked 
|  51|0x0000000707600000, 0x0000000707600000, 0x0000000707800000|  0%| F|  |TAMS 0x0000000707600000, 0x0000000707600000| Untracked 
|  52|0x0000000707800000, 0x0000000707800000, 0x0000000707a00000|  0%| F|  |TAMS 0x0000000707800000, 0x0000000707800000| Untracked 
|  53|0x0000000707a00000, 0x0000000707a00000, 0x0000000707c00000|  0%| F|  |TAMS 0x0000000707a00000, 0x0000000707a00000| Untracked 
|  54|0x0000000707c00000, 0x0000000707c00000, 0x0000000707e00000|  0%| F|  |TAMS 0x0000000707c00000, 0x0000000707c00000| Untracked 
|  55|0x0000000707e00000, 0x0000000707e00000, 0x0000000708000000|  0%| F|  |TAMS 0x0000000707e00000, 0x0000000707e00000| Untracked 
|  56|0x0000000708000000, 0x0000000708000000, 0x0000000708200000|  0%| F|  |TAMS 0x0000000708000000, 0x0000000708000000| Untracked 
|  57|0x0000000708200000, 0x0000000708200000, 0x0000000708400000|  0%| F|  |TAMS 0x0000000708200000, 0x0000000708200000| Untracked 
|  58|0x0000000708400000, 0x0000000708400000, 0x0000000708600000|  0%| F|  |TAMS 0x0000000708400000, 0x0000000708400000| Untracked 
|  59|0x0000000708600000, 0x0000000708600000, 0x0000000708800000|  0%| F|  |TAMS 0x0000000708600000, 0x0000000708600000| Untracked 
|  60|0x0000000708800000, 0x0000000708800000, 0x0000000708a00000|  0%| F|  |TAMS 0x0000000708800000, 0x0000000708800000| Untracked 
|  61|0x0000000708a00000, 0x0000000708a00000, 0x0000000708c00000|  0%| F|  |TAMS 0x0000000708a00000, 0x0000000708a00000| Untracked 
|  62|0x0000000708c00000, 0x0000000708c00000, 0x0000000708e00000|  0%| F|  |TAMS 0x0000000708c00000, 0x0000000708c00000| Untracked 
|  63|0x0000000708e00000, 0x0000000708e00000, 0x0000000709000000|  0%| F|  |TAMS 0x0000000708e00000, 0x0000000708e00000| Untracked 
|  64|0x0000000709000000, 0x0000000709000000, 0x0000000709200000|  0%| F|  |TAMS 0x0000000709000000, 0x0000000709000000| Untracked 
|  65|0x0000000709200000, 0x0000000709200000, 0x0000000709400000|  0%| F|  |TAMS 0x0000000709200000, 0x0000000709200000| Untracked 
|  66|0x0000000709400000, 0x0000000709400000, 0x0000000709600000|  0%| F|  |TAMS 0x0000000709400000, 0x0000000709400000| Untracked 
|  67|0x0000000709600000, 0x0000000709600000, 0x0000000709800000|  0%| F|  |TAMS 0x0000000709600000, 0x0000000709600000| Untracked 
|  68|0x0000000709800000, 0x0000000709800000, 0x0000000709a00000|  0%| F|  |TAMS 0x0000000709800000, 0x0000000709800000| Untracked 
|  69|0x0000000709a00000, 0x0000000709a00000, 0x0000000709c00000|  0%| F|  |TAMS 0x0000000709a00000, 0x0000000709a00000| Untracked 
|  70|0x0000000709c00000, 0x0000000709c00000, 0x0000000709e00000|  0%| F|  |TAMS 0x0000000709c00000, 0x0000000709c00000| Untracked 
|  71|0x0000000709e00000, 0x0000000709e00000, 0x000000070a000000|  0%| F|  |TAMS 0x0000000709e00000, 0x0000000709e00000| Untracked 
|  72|0x000000070a000000, 0x000000070a000000, 0x000000070a200000|  0%| F|  |TAMS 0x000000070a000000, 0x000000070a000000| Untracked 
|  73|0x000000070a200000, 0x000000070a200000, 0x000000070a400000|  0%| F|  |TAMS 0x000000070a200000, 0x000000070a200000| Untracked 
|  74|0x000000070a400000, 0x000000070a400000, 0x000000070a600000|  0%| F|  |TAMS 0x000000070a400000, 0x000000070a400000| Untracked 
|  75|0x000000070a600000, 0x000000070a600000, 0x000000070a800000|  0%| F|  |TAMS 0x000000070a600000, 0x000000070a600000| Untracked 
|  76|0x000000070a800000, 0x000000070a800000, 0x000000070aa00000|  0%| F|  |TAMS 0x000000070a800000, 0x000000070a800000| Untracked 
|  77|0x000000070aa00000, 0x000000070aa00000, 0x000000070ac00000|  0%| F|  |TAMS 0x000000070aa00000, 0x000000070aa00000| Untracked 
|  78|0x000000070ac00000, 0x000000070ac00000, 0x000000070ae00000|  0%| F|  |TAMS 0x000000070ac00000, 0x000000070ac00000| Untracked 
|  79|0x000000070ae00000, 0x000000070ae00000, 0x000000070b000000|  0%| F|  |TAMS 0x000000070ae00000, 0x000000070ae00000| Untracked 
|  80|0x000000070b000000, 0x000000070b000000, 0x000000070b200000|  0%| F|  |TAMS 0x000000070b000000, 0x000000070b000000| Untracked 
|  81|0x000000070b200000, 0x000000070b200000, 0x000000070b400000|  0%| F|  |TAMS 0x000000070b200000, 0x000000070b200000| Untracked 
|  82|0x000000070b400000, 0x000000070b400000, 0x000000070b600000|  0%| F|  |TAMS 0x000000070b400000, 0x000000070b400000| Untracked 
|  83|0x000000070b600000, 0x000000070b600000, 0x000000070b800000|  0%| F|  |TAMS 0x000000070b600000, 0x000000070b600000| Untracked 
|  84|0x000000070b800000, 0x000000070b800000, 0x000000070ba00000|  0%| F|  |TAMS 0x000000070b800000, 0x000000070b800000| Untracked 
|  85|0x000000070ba00000, 0x000000070ba00000, 0x000000070bc00000|  0%| F|  |TAMS 0x000000070ba00000, 0x000000070ba00000| Untracked 
|  86|0x000000070bc00000, 0x000000070bc00000, 0x000000070be00000|  0%| F|  |TAMS 0x000000070bc00000, 0x000000070bc00000| Untracked 
|  87|0x000000070be00000, 0x000000070be00000, 0x000000070c000000|  0%| F|  |TAMS 0x000000070be00000, 0x000000070be00000| Untracked 
|  88|0x000000070c000000, 0x000000070c000000, 0x000000070c200000|  0%| F|  |TAMS 0x000000070c000000, 0x000000070c000000| Untracked 
|  89|0x000000070c200000, 0x000000070c200000, 0x000000070c400000|  0%| F|  |TAMS 0x000000070c200000, 0x000000070c200000| Untracked 
|  90|0x000000070c400000, 0x000000070c400000, 0x000000070c600000|  0%| F|  |TAMS 0x000000070c400000, 0x000000070c400000| Untracked 
|  91|0x000000070c600000, 0x000000070c600000, 0x000000070c800000|  0%| F|  |TAMS 0x000000070c600000, 0x000000070c600000| Untracked 
|  92|0x000000070c800000, 0x000000070c800000, 0x000000070ca00000|  0%| F|  |TAMS 0x000000070c800000, 0x000000070c800000| Untracked 
|  93|0x000000070ca00000, 0x000000070ca00000, 0x000000070cc00000|  0%| F|  |TAMS 0x000000070ca00000, 0x000000070ca00000| Untracked 
|  94|0x000000070cc00000, 0x000000070cc00000, 0x000000070ce00000|  0%| F|  |TAMS 0x000000070cc00000, 0x000000070cc00000| Untracked 
|  95|0x000000070ce00000, 0x000000070ce00000, 0x000000070d000000|  0%| F|  |TAMS 0x000000070ce00000, 0x000000070ce00000| Untracked 
|  96|0x000000070d000000, 0x000000070d200000, 0x000000070d200000|100%| E|  |TAMS 0x000000070d000000, 0x000000070d000000| Complete 
|  97|0x000000070d200000, 0x000000070d400000, 0x000000070d400000|100%| E|CS|TAMS 0x000000070d200000, 0x000000070d200000| Complete 
|  98|0x000000070d400000, 0x000000070d600000, 0x000000070d600000|100%| E|CS|TAMS 0x000000070d400000, 0x000000070d400000| Complete 
|  99|0x000000070d600000, 0x000000070d800000, 0x000000070d800000|100%| E|CS|TAMS 0x000000070d600000, 0x000000070d600000| Complete 
| 100|0x000000070d800000, 0x000000070da00000, 0x000000070da00000|100%| E|CS|TAMS 0x000000070d800000, 0x000000070d800000| Complete 
| 101|0x000000070da00000, 0x000000070dc00000, 0x000000070dc00000|100%| E|CS|TAMS 0x000000070da00000, 0x000000070da00000| Complete 
| 102|0x000000070dc00000, 0x000000070de00000, 0x000000070de00000|100%| E|CS|TAMS 0x000000070dc00000, 0x000000070dc00000| Complete 
| 103|0x000000070de00000, 0x000000070e000000, 0x000000070e000000|100%| E|CS|TAMS 0x000000070de00000, 0x000000070de00000| Complete 
| 104|0x000000070e000000, 0x000000070e200000, 0x000000070e200000|100%| E|CS|TAMS 0x000000070e000000, 0x000000070e000000| Complete 
| 105|0x000000070e200000, 0x000000070e400000, 0x000000070e400000|100%| E|CS|TAMS 0x000000070e200000, 0x000000070e200000| Complete 
| 106|0x000000070e400000, 0x000000070e600000, 0x000000070e600000|100%| E|CS|TAMS 0x000000070e400000, 0x000000070e400000| Complete 
| 107|0x000000070e600000, 0x000000070e800000, 0x000000070e800000|100%| E|CS|TAMS 0x000000070e600000, 0x000000070e600000| Complete 
| 108|0x000000070e800000, 0x000000070ea00000, 0x000000070ea00000|100%| E|CS|TAMS 0x000000070e800000, 0x000000070e800000| Complete 
| 109|0x000000070ea00000, 0x000000070ec00000, 0x000000070ec00000|100%| E|CS|TAMS 0x000000070ea00000, 0x000000070ea00000| Complete 
| 110|0x000000070ec00000, 0x000000070ee00000, 0x000000070ee00000|100%| E|CS|TAMS 0x000000070ec00000, 0x000000070ec00000| Complete 
| 111|0x000000070ee00000, 0x000000070f000000, 0x000000070f000000|100%| E|  |TAMS 0x000000070ee00000, 0x000000070ee00000| Complete 
| 112|0x000000070f000000, 0x000000070f200000, 0x000000070f200000|100%| E|CS|TAMS 0x000000070f000000, 0x000000070f000000| Complete 
| 113|0x000000070f200000, 0x000000070f400000, 0x000000070f400000|100%| E|CS|TAMS 0x000000070f200000, 0x000000070f200000| Complete 
| 114|0x000000070f400000, 0x000000070f49c2d0, 0x000000070f600000| 30%| S|CS|TAMS 0x000000070f400000, 0x000000070f400000| Complete 
| 115|0x000000070f600000, 0x000000070f800000, 0x000000070f800000|100%| E|CS|TAMS 0x000000070f600000, 0x000000070f600000| Complete 
| 116|0x000000070f800000, 0x000000070fa00000, 0x000000070fa00000|100%| E|CS|TAMS 0x000000070f800000, 0x000000070f800000| Complete 
| 117|0x000000070fa00000, 0x000000070fc00000, 0x000000070fc00000|100%| E|CS|TAMS 0x000000070fa00000, 0x000000070fa00000| Complete 
| 118|0x000000070fc00000, 0x000000070fe00000, 0x000000070fe00000|100%| E|CS|TAMS 0x000000070fc00000, 0x000000070fc00000| Complete 
| 119|0x000000070fe00000, 0x0000000710000000, 0x0000000710000000|100%| E|CS|TAMS 0x000000070fe00000, 0x000000070fe00000| Complete 
| 120|0x0000000710000000, 0x0000000710200000, 0x0000000710200000|100%| E|CS|TAMS 0x0000000710000000, 0x0000000710000000| Complete 
| 121|0x0000000710200000, 0x0000000710400000, 0x0000000710400000|100%| E|CS|TAMS 0x0000000710200000, 0x0000000710200000| Complete 
| 122|0x0000000710400000, 0x0000000710600000, 0x0000000710600000|100%| E|CS|TAMS 0x0000000710400000, 0x0000000710400000| Complete 
| 123|0x0000000710600000, 0x0000000710800000, 0x0000000710800000|100%| E|CS|TAMS 0x0000000710600000, 0x0000000710600000| Complete 
| 124|0x0000000710800000, 0x0000000710a00000, 0x0000000710a00000|100%| E|CS|TAMS 0x0000000710800000, 0x0000000710800000| Complete 
| 125|0x0000000710a00000, 0x0000000710c00000, 0x0000000710c00000|100%| E|CS|TAMS 0x0000000710a00000, 0x0000000710a00000| Complete 
| 126|0x0000000710c00000, 0x0000000710e00000, 0x0000000710e00000|100%| E|CS|TAMS 0x0000000710c00000, 0x0000000710c00000| Complete 
| 127|0x0000000710e00000, 0x0000000711000000, 0x0000000711000000|100%| E|CS|TAMS 0x0000000710e00000, 0x0000000710e00000| Complete 

Card table byte_map: [0x000001fb34fe0000,0x000001fb357e0000] _byte_map_base: 0x000001fb317d8000

Marking Bits (Prev, Next): (CMBitMap*) 0x000001fb1d4e1210, (CMBitMap*) 0x000001fb1d4e1250
 Prev Bits: [0x000001fb35fe0000, 0x000001fb39fa0000)
 Next Bits: [0x000001fb39fa0000, 0x000001fb3df60000)

Polling page: 0x000001fb1b450000

Metaspace:

Usage:
  Non-class:     15.26 MB capacity,    15.11 MB (>99%) used,   125.88 KB ( <1%) free+waste,    24.69 KB ( <1%) overhead. 
      Class:      1.96 MB capacity,     1.87 MB ( 95%) used,    88.36 KB (  4%) free+waste,     9.75 KB ( <1%) overhead. 
       Both:     17.22 MB capacity,    16.98 MB ( 99%) used,   214.24 KB (  1%) free+waste,    34.44 KB ( <1%) overhead. 

Virtual space:
  Non-class space:       16.00 MB reserved,      15.50 MB ( 97%) committed 
      Class space:        1.00 GB reserved,       2.00 MB ( <1%) committed 
             Both:        1.02 GB reserved,      17.50 MB (  2%) committed 

Chunk freelists:
   Non-Class:  0 bytes
       Class:  8.00 KB
        Both:  8.00 KB

MaxMetaspaceSize: 17179869184.00 GB
CompressedClassSpaceSize: 1.00 GB

CodeHeap 'non-profiled nmethods': size=120000Kb used=926Kb max_used=926Kb free=119073Kb
 bounds [0x000001fb2d1a0000, 0x000001fb2d410000, 0x000001fb346d0000]
CodeHeap 'profiled nmethods': size=120000Kb used=4181Kb max_used=4181Kb free=115818Kb
 bounds [0x000001fb25c70000, 0x000001fb26090000, 0x000001fb2d1a0000]
CodeHeap 'non-nmethods': size=5760Kb used=1375Kb max_used=1400Kb free=4384Kb
 bounds [0x000001fb256d0000, 0x000001fb25940000, 0x000001fb25c70000]
 total_blobs=2946 nmethods=2263 adapters=595
 compilation: enabled
              stopped_count=0, restarted_count=0
 full_count=0

Compilation events (20 events):
Event: 4.621 Thread 0x000001fb40792790 nmethod 2250 0x000001fb26071a90 code [0x000001fb26071c80, 0x000001fb26072218]
Event: 4.621 Thread 0x000001fb40792790 2251       3       jdk.internal.logger.LazyLoggers$LazyLoggerWrapper::platformProxy (10 bytes)
Event: 4.621 Thread 0x000001fb40792790 nmethod 2251 0x000001fb26072390 code [0x000001fb26072540, 0x000001fb260726c8]
Event: 4.621 Thread 0x000001fb40792790 2252   !   3       jdk.internal.logger.LazyLoggers$LazyLoggerAccessor::platform (103 bytes)
Event: 4.622 Thread 0x000001fb40792790 nmethod 2252 0x000001fb26072790 code [0x000001fb260729c0, 0x000001fb260736c8]
Event: 4.622 Thread 0x000001fb40792790 2248   !   3       sun.java2d.cmm.lcms.LCMSTransform::colorConvert (884 bytes)
Event: 4.622 Thread 0x000001fb4078e7f0 2253       4       java.util.HashMap::putVal (300 bytes)
Event: 4.623 Thread 0x000001fb4266de70 nmethod 2233 0x000001fb2d282190 code [0x000001fb2d282340, 0x000001fb2d282f18]
Event: 4.624 Thread 0x000001fb40792790 nmethod 2248 0x000001fb26073a10 code [0x000001fb26073f60, 0x000001fb260772e8]
Event: 4.628 Thread 0x000001fb40792790 2254   !   3       java.lang.invoke.MethodHandleNatives::linkMethodHandleConstant (50 bytes)
Event: 4.628 Thread 0x000001fb40792790 nmethod 2254 0x000001fb26078c90 code [0x000001fb26078e60, 0x000001fb26079048]
Event: 4.628 Thread 0x000001fb40792790 2255       3       java.lang.invoke.MethodHandles$Lookup::linkMethodHandleConstant (223 bytes)
Event: 4.629 Thread 0x000001fb40792790 nmethod 2255 0x000001fb26079210 code [0x000001fb260795c0, 0x000001fb2607af08]
Event: 4.632 Thread 0x000001fb4078e7f0 nmethod 2253 0x000001fb2d283710 code [0x000001fb2d283940, 0x000001fb2d284950]
Event: 4.635 Thread 0x000001fb40792790 2257       3       java.lang.AbstractStringBuilder::setLength (66 bytes)
Event: 4.636 Thread 0x000001fb40792790 nmethod 2257 0x000001fb2607b690 code [0x000001fb2607b8c0, 0x000001fb2607c038]
Event: 4.636 Thread 0x000001fb40792790 2258   !   3       java.io.WinNTFileSystem::resolve (362 bytes)
Event: 4.637 Thread 0x000001fb4078e7f0 2259       4       jdk.internal.org.objectweb.asm.SymbolTable::addConstantUtf8 (98 bytes)
Event: 4.639 Thread 0x000001fb40792790 nmethod 2258 0x000001fb2607c390 code [0x000001fb2607ccc0, 0x000001fb26081568]
Event: 4.639 Thread 0x000001fb40792790 2262       3       jdk.internal.org.objectweb.asm.Type::getReturnTypeOffset (64 bytes)

GC Heap History (4 events):
Event: 1.184 GC heap before
{Heap before GC invocations=0 (full 0):
 garbage-first heap   total 262144K, used 20480K [0x0000000701000000, 0x0000000800000000)
  region size 2048K, 10 young (20480K), 0 survivors (0K)
 Metaspace       used 8113K, capacity 8363K, committed 8448K, reserved 1056768K
  class space    used 870K, capacity 950K, committed 1024K, reserved 1048576K
}
Event: 1.188 GC heap after
{Heap after GC invocations=1 (full 0):
 garbage-first heap   total 262144K, used 4032K [0x0000000701000000, 0x0000000800000000)
  region size 2048K, 2 young (4096K), 2 survivors (4096K)
 Metaspace       used 8113K, capacity 8363K, committed 8448K, reserved 1056768K
  class space    used 870K, capacity 950K, committed 1024K, reserved 1048576K
}
Event: 3.276 GC heap before
{Heap before GC invocations=1 (full 0):
 garbage-first heap   total 262144K, used 32704K [0x0000000701000000, 0x0000000800000000)
  region size 2048K, 13 young (26624K), 2 survivors (4096K)
 Metaspace       used 8227K, capacity 8491K, committed 8704K, reserved 1056768K
  class space    used 879K, capacity 950K, committed 1024K, reserved 1048576K
}
Event: 3.279 GC heap after
{Heap after GC invocations=2 (full 0):
 garbage-first heap   total 262144K, used 8701K [0x0000000701000000, 0x0000000800000000)
  region size 2048K, 1 young (2048K), 1 survivors (2048K)
 Metaspace       used 8227K, capacity 8491K, committed 8704K, reserved 1056768K
  class space    used 879K, capacity 950K, committed 1024K, reserved 1048576K
}

Deoptimization events (20 events):
Event: 4.616 Thread 0x000001fb1d490480 DEOPT PACKING pc=0x000001fb2605e320 sp=0x000000be1b2fe160
Event: 4.616 Thread 0x000001fb1d490480 DEOPT UNPACKING pc=0x000001fb2571e23f sp=0x000000be1b2fd638 mode 0
Event: 4.616 Thread 0x000001fb1d490480 DEOPT PACKING pc=0x000001fb2605e320 sp=0x000000be1b2fe160
Event: 4.616 Thread 0x000001fb1d490480 DEOPT UNPACKING pc=0x000001fb2571e23f sp=0x000000be1b2fd638 mode 0
Event: 4.617 Thread 0x000001fb1d490480 DEOPT PACKING pc=0x000001fb2605e320 sp=0x000000be1b2fe160
Event: 4.617 Thread 0x000001fb1d490480 DEOPT UNPACKING pc=0x000001fb2571e23f sp=0x000000be1b2fd638 mode 0
Event: 4.618 Thread 0x000001fb1d490480 DEOPT PACKING pc=0x000001fb2605e320 sp=0x000000be1b2fe160
Event: 4.618 Thread 0x000001fb1d490480 DEOPT UNPACKING pc=0x000001fb2571e23f sp=0x000000be1b2fd638 mode 0
Event: 4.618 Thread 0x000001fb1d490480 DEOPT PACKING pc=0x000001fb2605e320 sp=0x000000be1b2fe160
Event: 4.618 Thread 0x000001fb1d490480 DEOPT UNPACKING pc=0x000001fb2571e23f sp=0x000000be1b2fd638 mode 0
Event: 4.619 Thread 0x000001fb1d490480 DEOPT PACKING pc=0x000001fb2605e320 sp=0x000000be1b2fe160
Event: 4.619 Thread 0x000001fb1d490480 DEOPT UNPACKING pc=0x000001fb2571e23f sp=0x000000be1b2fd638 mode 0
Event: 4.622 Thread 0x000001fb41a7b6b0 Uncommon trap: trap_request=0xffffffde fr.pc=0x000001fb2d27e660 relative=0x0000000000000c40
Event: 4.622 Thread 0x000001fb41a7b6b0 Uncommon trap: reason=class_check action=maybe_recompile pc=0x000001fb2d27e660 method=java.util.HashMap.putVal(ILjava/lang/Object;Ljava/lang/Object;ZZ)Ljava/lang/Object; @ 91 c2
Event: 4.622 Thread 0x000001fb41a7b6b0 DEOPT PACKING pc=0x000001fb2d27e660 sp=0x000000be1cdfe430
Event: 4.622 Thread 0x000001fb41a7b6b0 DEOPT UNPACKING pc=0x000001fb2571e42f sp=0x000000be1cdfe3d0 mode 2
Event: 4.622 Thread 0x000001fb41a7b6b0 Uncommon trap: trap_request=0xffffffde fr.pc=0x000001fb2d27e660 relative=0x0000000000000c40
Event: 4.622 Thread 0x000001fb41a7b6b0 Uncommon trap: reason=class_check action=maybe_recompile pc=0x000001fb2d27e660 method=java.util.HashMap.putVal(ILjava/lang/Object;Ljava/lang/Object;ZZ)Ljava/lang/Object; @ 91 c2
Event: 4.622 Thread 0x000001fb41a7b6b0 DEOPT PACKING pc=0x000001fb2d27e660 sp=0x000000be1cdfe430
Event: 4.622 Thread 0x000001fb41a7b6b0 DEOPT UNPACKING pc=0x000001fb2571e42f sp=0x000000be1cdfe3d0 mode 2

Classes unloaded (0 events):
No events

Classes redefined (0 events):
No events

Internal exceptions (20 events):
Event: 0.133 Thread 0x000001fb1d490480 Exception <a 'java/lang/IncompatibleClassChangeError'{0x0000000710dec8a0}: Found class java.lang.Object, but interface was expected> (0x0000000710dec8a0) 
thrown [./open/src/hotspot/share/interpreter/linkResolver.cpp, line 848]
Event: 0.134 Thread 0x000001fb1d490480 Exception <a 'java/lang/NoSuchMethodError'{0x0000000710df2d18}: 'int java.lang.invoke.DirectMethodHandle$Holder.invokeStaticInit(java.lang.Object, java.lang.Object)'> (0x0000000710df2d18) 
thrown [./open/src/hotspot/share/interpreter/linkResolver.cpp, line 782]
Event: 0.174 Thread 0x000001fb1d490480 Implicit null exception at 0x000001fb2d1c6b75 to 0x000001fb2d1c6c50
Event: 0.231 Thread 0x000001fb1d490480 Exception <a 'java/lang/NoSuchMethodError'{0x000000071046f530}: 'java.lang.Object java.lang.invoke.DirectMethodHandle$Holder.invokeStaticInit(java.lang.Object, java.lang.Object, int, int, int, int)'> (0x000000071046f530) 
thrown [./open/src/hotspot/share/interpreter/linkResolver.cpp, line 782]
Event: 0.238 Thread 0x000001fb1d490480 Exception <a 'java/lang/NoSuchMethodError'{0x0000000710485810}: 'java.lang.Object java.lang.invoke.DirectMethodHandle$Holder.invokeStaticInit(java.lang.Object)'> (0x0000000710485810) 
thrown [./open/src/hotspot/share/interpreter/linkResolver.cpp, line 782]
Event: 3.592 Thread 0x000001fb1d490480 Exception <a 'java/lang/ClassNotFoundException'{0x000000070e80bee0}: sun/awt/resources/spi/awtProvider> (0x000000070e80bee0) 
thrown [./open/src/hotspot/share/classfile/systemDictionary.cpp, line 295]
Event: 3.596 Thread 0x000001fb1d490480 Exception <a 'java/io/FileNotFoundException'{0x000000070e817188}> (0x000000070e817188) 
thrown [./open/src/hotspot/share/prims/jni.cpp, line 578]
Event: 3.596 Thread 0x000001fb1d490480 Exception <a 'java/io/FileNotFoundException'{0x000000070e818888}> (0x000000070e818888) 
thrown [./open/src/hotspot/share/prims/jni.cpp, line 578]
Event: 3.850 Thread 0x000001fb1d490480 Exception <a 'java/lang/NoSuchMethodError'{0x000000070e8cea30}: 'java.lang.Object java.lang.invoke.DirectMethodHandle$Holder.newInvokeSpecial(java.lang.Object, java.lang.Object, java.lang.Object, java.lang.Object, java.lang.Object)'> (0x000000070e8cea30) 
thrown [./open/src/hotspot/share/interpreter/linkResolver.cpp, line 782]
Event: 3.851 Thread 0x000001fb1d490480 Exception <a 'java/lang/NoSuchMethodError'{0x000000070e8da4c0}: 'java.lang.Object java.lang.invoke.DirectMethodHandle$Holder.invokeStatic(java.lang.Object, int, java.lang.Object, java.lang.Object, java.lang.Object, java.lang.Object)'> (0x000000070e8da4c0) 
thrown [./open/src/hotspot/share/interpreter/linkResolver.cpp, line 782]
Event: 3.854 Thread 0x000001fb1d490480 Exception <a 'java/lang/NoSuchMethodError'{0x000000070e900738}: 'java.lang.Object java.lang.invoke.DirectMethodHandle$Holder.invokeStatic(java.lang.Object, int, java.lang.Object)'> (0x000000070e900738) 
thrown [./open/src/hotspot/share/interpreter/linkResolver.cpp, line 782]
Event: 3.868 Thread 0x000001fb1d490480 Exception <a 'java/lang/ClassNotFoundException'{0x000000070e6bada0}: com/sun/swing/internal/plaf/metal/resources/spi/metalProvider> (0x000000070e6bada0) 
thrown [./open/src/hotspot/share/classfile/systemDictionary.cpp, line 295]
Event: 3.869 Thread 0x000001fb1d490480 Exception <a 'java/lang/ClassNotFoundException'{0x000000070e6bf798}: com/sun/swing/internal/plaf/basic/resources/spi/basicProvider> (0x000000070e6bf798) 
thrown [./open/src/hotspot/share/classfile/systemDictionary.cpp, line 295]
Event: 3.872 Thread 0x000001fb1d490480 Implicit null exception at 0x000001fb2d1ced60 to 0x000001fb2d1cefe6
Event: 3.874 Thread 0x000001fb1d490480 Implicit null exception at 0x000001fb2d1fbc0d to 0x000001fb2d1fc01c
Event: 3.904 Thread 0x000001fb1d490480 Exception <a 'java/lang/NoSuchMethodError'{0x000000070e732b10}: 'void java.lang.invoke.DirectMethodHandle$Holder.invokeStatic(java.lang.Object, java.lang.Object, java.lang.Object)'> (0x000000070e732b10) 
thrown [./open/src/hotspot/share/interpreter/linkResolver.cpp, line 782]
Event: 3.911 Thread 0x000001fb1d490480 Exception <a 'java/io/FileNotFoundException'{0x000000070e7423d0}> (0x000000070e7423d0) 
thrown [./open/src/hotspot/share/prims/jni.cpp, line 578]
Event: 4.089 Thread 0x000001fb1d490480 Exception <a 'java/lang/NoSuchMethodError'{0x000000070da4c320}: 'java.lang.Object java.lang.invoke.DirectMethodHandle$Holder.invokeSpecial(java.lang.Object, java.lang.Object, long, java.lang.Object, java.lang.Object, java.lang.Object, java.lang.Object, java.lang.Object, int, java.lang.Object, java.lang.Object)'> (0x000000070da4c320) 
thrown [./open/src/hotspot/share/interpreter/linkResolver.cpp, line 782]
Event: 4.090 Thread 0x000001fb1d490480 Exception <a 'java/lang/NoSuchMethodError'{0x000000070da51080}: 'java.lang.Object java.lang.invoke.DelegatingMethodHandle$Holder.reinvoke_L(java.lang.Object, long, java.lang.Object, java.lang.Object, java.lang.Object, java.lang.Object, java.lang.Object, int, java.lang.Object, java.lang.Object)'> (0x000000070da51080) 
thrown [./open/src/hotspot/share/interpreter/linkResolver.cpp, line 782]
Event: 4.634 Thread 0x000001fb1d490480 Exception <a 'java/lang/NoSuchMethodError'{0x000000070d129240}: 'void java.lang.invoke.DirectMethodHandle$Holder.invokeStaticInit(java.lang.Object)'> (0x000000070d129240) 
thrown [./open/src/hotspot/share/interpreter/linkResolver.cpp, line 782]

Events (20 events):
Event: 4.635 loading class sun/awt/NativeLibLoader$1
Event: 4.635 loading class sun/awt/NativeLibLoader$1 done
Event: 4.635 loading class sun/awt/FontConfiguration$2
Event: 4.635 loading class sun/awt/FontConfiguration$2 done
Event: 4.635 loading class sun/awt/windows/WDefaultFontCharset
Event: 4.635 loading class sun/awt/AWTCharset
Event: 4.636 loading class sun/awt/AWTCharset done
Event: 4.636 loading class sun/awt/windows/WDefaultFontCharset done
Event: 4.636 loading class sun/awt/windows/WDefaultFontCharset$Encoder
Event: 4.636 loading class sun/awt/AWTCharset$Encoder
Event: 4.636 loading class sun/awt/AWTCharset$Encoder done
Event: 4.636 loading class sun/awt/windows/WDefaultFontCharset$Encoder done
Event: 4.636 loading class sun/awt/windows/WingDings
Event: 4.636 loading class sun/awt/windows/WingDings done
Event: 4.636 loading class sun/awt/windows/WingDings$Encoder
Event: 4.636 loading class sun/awt/windows/WingDings$Encoder done
Event: 4.636 loading class sun/awt/Symbol
Event: 4.637 loading class sun/awt/Symbol done
Event: 4.637 loading class sun/awt/Symbol$Encoder
Event: 4.637 loading class sun/awt/Symbol$Encoder done


Dynamic libraries:
0x00007ff74cf70000 - 0x00007ff74cf7f000 	C:\Program Files\Java\jdk-15\bin\java.exe
0x00007ff9edcd0000 - 0x00007ff9edec5000 	C:\WINDOWS\SYSTEM32\ntdll.dll
0x00007ff9ecb40000 - 0x00007ff9ecbfd000 	C:\WINDOWS\System32\KERNEL32.DLL
0x00007ff9eb7d0000 - 0x00007ff9eba99000 	C:\WINDOWS\System32\KERNELBASE.dll
0x00007ff9eb6d0000 - 0x00007ff9eb7d0000 	C:\WINDOWS\System32\ucrtbase.dll
0x00007ff9d3d00000 - 0x00007ff9d3d19000 	C:\Program Files\Java\jdk-15\bin\VCRUNTIME140.dll
0x00007ff9d0920000 - 0x00007ff9d0938000 	C:\Program Files\Java\jdk-15\bin\jli.dll
0x00007ff9ec320000 - 0x00007ff9ec3cc000 	C:\WINDOWS\System32\ADVAPI32.dll
0x00007ff9ecff0000 - 0x00007ff9ed08e000 	C:\WINDOWS\System32\msvcrt.dll
0x00007ff9edbf0000 - 0x00007ff9edc8c000 	C:\WINDOWS\System32\sechost.dll
0x00007ff9ecd30000 - 0x00007ff9ece5b000 	C:\WINDOWS\System32\RPCRT4.dll
0x00007ff9ebdc0000 - 0x00007ff9ebf60000 	C:\WINDOWS\System32\USER32.dll
0x00007ff9d4bc0000 - 0x00007ff9d4e5a000 	C:\WINDOWS\WinSxS\amd64_microsoft.windows.common-controls_6595b64144ccf1df_6.0.19041.844_none_ca00b6081b84eb1d\COMCTL32.dll
0x00007ff9ebbf0000 - 0x00007ff9ebc12000 	C:\WINDOWS\System32\win32u.dll
0x00007ff9ed850000 - 0x00007ff9ed87a000 	C:\WINDOWS\System32\GDI32.dll
0x00007ff9ebc20000 - 0x00007ff9ebd2b000 	C:\WINDOWS\System32\gdi32full.dll
0x00007ff9ebaa0000 - 0x00007ff9ebb3d000 	C:\WINDOWS\System32\msvcp_win.dll
0x00007ff9e4500000 - 0x00007ff9e450a000 	C:\WINDOWS\SYSTEM32\VERSION.dll
0x00007ff9ecfb0000 - 0x00007ff9ecfe0000 	C:\WINDOWS\System32\IMM32.DLL
0x00007ff9d3e10000 - 0x00007ff9d3e1c000 	C:\Program Files\Java\jdk-15\bin\vcruntime140_1.dll
0x00007ff9caf30000 - 0x00007ff9cafc1000 	C:\Program Files\Java\jdk-15\bin\msvcp140.dll
0x00007ff985ee0000 - 0x00007ff986a3c000 	C:\Program Files\Java\jdk-15\bin\server\jvm.dll
0x00007ff9ed7e0000 - 0x00007ff9ed7e8000 	C:\WINDOWS\System32\PSAPI.DLL
0x00007ff9d3f00000 - 0x00007ff9d3f09000 	C:\WINDOWS\SYSTEM32\WSOCK32.dll
0x00007ff9dc280000 - 0x00007ff9dc2a7000 	C:\WINDOWS\SYSTEM32\WINMM.dll
0x00007ff9edad0000 - 0x00007ff9edb3b000 	C:\WINDOWS\System32\WS2_32.dll
0x00007ff9e9370000 - 0x00007ff9e9382000 	C:\WINDOWS\SYSTEM32\kernel.appcore.dll
0x00007ff9d3de0000 - 0x00007ff9d3dea000 	C:\Program Files\Java\jdk-15\bin\jimage.dll
0x00007ff9d92e0000 - 0x00007ff9d94c4000 	C:\WINDOWS\SYSTEM32\DBGHELP.DLL
0x00007ff9d9500000 - 0x00007ff9d952c000 	C:\WINDOWS\SYSTEM32\dbgcore.DLL
0x00007ff9eb440000 - 0x00007ff9eb4c0000 	C:\WINDOWS\System32\bcryptPrimitives.dll
0x00007ff9cbcd0000 - 0x00007ff9cbcf5000 	C:\Program Files\Java\jdk-15\bin\java.dll
0x00007ff9ed090000 - 0x00007ff9ed7d2000 	C:\WINDOWS\System32\SHELL32.dll
0x00007ff9e9570000 - 0x00007ff9e9d00000 	C:\WINDOWS\SYSTEM32\windows.storage.dll
0x00007ff9ebfc0000 - 0x00007ff9ec315000 	C:\WINDOWS\System32\combase.dll
0x00007ff9eae80000 - 0x00007ff9eaeac000 	C:\WINDOWS\SYSTEM32\Wldp.dll
0x00007ff9edb40000 - 0x00007ff9edbee000 	C:\WINDOWS\System32\SHCORE.dll
0x00007ff9ed7f0000 - 0x00007ff9ed845000 	C:\WINDOWS\System32\shlwapi.dll
0x00007ff9eb350000 - 0x00007ff9eb36f000 	C:\WINDOWS\SYSTEM32\profapi.dll
0x00007ff9d3ce0000 - 0x00007ff9d3cf9000 	C:\Program Files\Java\jdk-15\bin\net.dll
0x00007ff9e5690000 - 0x00007ff9e579c000 	C:\WINDOWS\SYSTEM32\WINHTTP.dll
0x00007ff9eac00000 - 0x00007ff9eac6a000 	C:\WINDOWS\system32\mswsock.dll
0x00007ff9cb890000 - 0x00007ff9cb8a2000 	C:\Program Files\Java\jdk-15\bin\nio.dll
0x00007ff9cb850000 - 0x00007ff9cb868000 	C:\Program Files\Java\jdk-15\bin\zip.dll
0x00007ff9eadd0000 - 0x00007ff9eade8000 	C:\WINDOWS\SYSTEM32\CRYPTSP.dll
0x00007ff9ea530000 - 0x00007ff9ea564000 	C:\WINDOWS\system32\rsaenh.dll
0x00007ff9eb410000 - 0x00007ff9eb437000 	C:\WINDOWS\System32\bcrypt.dll
0x00007ff9eb310000 - 0x00007ff9eb33e000 	C:\WINDOWS\SYSTEM32\USERENV.dll
0x00007ff9eadf0000 - 0x00007ff9eadfc000 	C:\WINDOWS\SYSTEM32\CRYPTBASE.dll
0x00007ff9ea8a0000 - 0x00007ff9ea8db000 	C:\WINDOWS\SYSTEM32\IPHLPAPI.DLL
0x00007ff9ecfa0000 - 0x00007ff9ecfa8000 	C:\WINDOWS\System32\NSI.dll
0x00007ff9e3b60000 - 0x00007ff9e3b77000 	C:\WINDOWS\SYSTEM32\dhcpcsvc6.DLL
0x00007ff9e3dc0000 - 0x00007ff9e3ddd000 	C:\WINDOWS\SYSTEM32\dhcpcsvc.DLL
0x00007ff9ea8e0000 - 0x00007ff9ea9ab000 	C:\WINDOWS\SYSTEM32\DNSAPI.dll
0x00007ff9e6080000 - 0x00007ff9e608d000 	C:\Program Files\Java\jdk-15\bin\sunmscapi.dll
0x00007ff9eb4c0000 - 0x00007ff9eb61f000 	C:\WINDOWS\System32\CRYPT32.dll
0x00007ff9eaef0000 - 0x00007ff9eaf17000 	C:\WINDOWS\SYSTEM32\ncrypt.dll
0x00007ff9eaeb0000 - 0x00007ff9eaeeb000 	C:\WINDOWS\SYSTEM32\NTASN1.dll
0x00007ff9db5c0000 - 0x00007ff9db5ca000 	C:\Windows\System32\rasadhlp.dll
0x00007ff9dbab0000 - 0x00007ff9dbb2f000 	C:\WINDOWS\System32\fwpuclnt.dll
0x00007ff987760000 - 0x00007ff9878e0000 	C:\Program Files\Java\jdk-15\bin\awt.dll
0x00007ff9eda00000 - 0x00007ff9edacd000 	C:\WINDOWS\System32\OLEAUT32.dll
0x00007ff9e8970000 - 0x00007ff9e8a00000 	C:\WINDOWS\SYSTEM32\apphelp.dll
0x00007ff9e9080000 - 0x00007ff9e90af000 	C:\WINDOWS\system32\DWMAPI.DLL
0x00007ff9e8dd0000 - 0x00007ff9e8e6e000 	C:\WINDOWS\system32\uxtheme.dll
0x00007ff9a2280000 - 0x00007ff9a23a6000 	C:\WINDOWS\system32\opengl32.dll
0x00007ff9cb820000 - 0x00007ff9cb84c000 	C:\WINDOWS\SYSTEM32\GLU32.dll
0x00007ff9ed8e0000 - 0x00007ff9ed9f5000 	C:\WINDOWS\System32\MSCTF.dll
0x00007ff9a3160000 - 0x00007ff9a325c000 	C:\ProgramData\A-Volute\A-Volute.Nahimic\Modules\Scheduled\x64\A-Volute.NahimicDevProps2.dll
0x00007ff9ec840000 - 0x00007ff9ec96a000 	C:\WINDOWS\System32\ole32.dll
0x0000000180000000 - 0x00000001803cc000 	C:\Program Files (x86)\RivaTuner Statistics Server\RTSSHooks64.dll
0x00007ff9ec3d0000 - 0x00007ff9ec839000 	C:\WINDOWS\System32\SETUPAPI.dll
0x00007ff9ebba0000 - 0x00007ff9ebbee000 	C:\WINDOWS\System32\cfgmgr32.dll
0x00007ff9bf1f0000 - 0x00007ff9bf3bf000 	C:\WINDOWS\system32\d3d9.dll
0x00007ff9e1470000 - 0x00007ff9e1575000 	C:\WINDOWS\System32\DriverStore\FileRepository\nv_dispi.inf_amd64_67fa4b4933529877\nvldumdx.dll
0x00007ff9eb000000 - 0x00007ff9eb012000 	C:\WINDOWS\SYSTEM32\msasn1.dll
0x00007ff9e42f0000 - 0x00007ff9e4321000 	C:\WINDOWS\SYSTEM32\cryptnet.dll
0x00007ff9ebb40000 - 0x00007ff9ebba0000 	C:\WINDOWS\System32\WINTRUST.DLL
0x00007ff9ec970000 - 0x00007ff9ec98d000 	C:\WINDOWS\System32\imagehlp.dll
0x00007ff9a57c0000 - 0x00007ff9a740a000 	C:\WINDOWS\System32\DriverStore\FileRepository\nv_dispi.inf_amd64_67fa4b4933529877\nvd3dumx.dll
0x00007ff9ae280000 - 0x00007ff9ae539000 	C:\WINDOWS\system32\nvspcap64.dll
0x00007ff9ea140000 - 0x00007ff9ea173000 	C:\WINDOWS\SYSTEM32\ntmarta.dll
0x00007ff9e9d10000 - 0x00007ff9e9d33000 	C:\WINDOWS\SYSTEM32\gpapi.dll
0x00007ff9e59d0000 - 0x00007ff9e5a0b000 	C:\WINDOWS\SYSTEM32\dxcore.dll
0x00007ff9caad0000 - 0x00007ff9cab55000 	C:\Program Files\Java\jdk-15\bin\freetype.dll
0x00007ff9c2420000 - 0x00007ff9c24c9000 	C:\Program Files\Java\jdk-15\bin\fontmanager.dll
0x00007ff9d08f0000 - 0x00007ff9d091d000 	C:\Program Files\Java\jdk-15\bin\javajpeg.dll
0x00007ff9cbb00000 - 0x00007ff9cbb3f000 	C:\Program Files\Java\jdk-15\bin\lcms.dll

dbghelp: loaded successfully - version: 4.0.5 - missing functions: none
symbol engine: initialized successfully - sym options: 0x614 - pdb path: .;C:\Program Files\Java\jdk-15\bin;C:\WINDOWS\SYSTEM32;C:\WINDOWS\WinSxS\amd64_microsoft.windows.common-controls_6595b64144ccf1df_6.0.19041.844_none_ca00b6081b84eb1d;C:\Program Files\Java\jdk-15\bin\server;C:\ProgramData\A-Volute\A-Volute.Nahimic\Modules\Scheduled\x64;C:\Program Files (x86)\RivaTuner Statistics Server;C:\WINDOWS\System32\DriverStore\FileRepository\nv_dispi.inf_amd64_67fa4b4933529877

VM Arguments:
jvm_args: -Dfile.encoding=UTF-8 
java_command: Main_Class.ProjectNFC
java_class_path (initial): C:\Users\Owner\Desktop\Project-NFC\src\lib\json-20201115.jar;C:\Users\Owner\Desktop\Project-NFC\build\classes
Launcher Type: SUN_STANDARD

[Global flags]
     intx CICompilerCount                          = 3                                         {product} {ergonomic}
     uint ConcGCThreads                            = 2                                         {product} {ergonomic}
     uint G1ConcRefinementThreads                  = 6                                         {product} {ergonomic}
   size_t G1HeapRegionSize                         = 2097152                                   {product} {ergonomic}
    uintx GCDrainStackTargetSize                   = 64                                        {product} {ergonomic}
   size_t InitialHeapSize                          = 268435456                                 {product} {ergonomic}
   size_t MarkStackSize                            = 4194304                                   {product} {ergonomic}
   size_t MaxHeapSize                              = 4278190080                                {product} {ergonomic}
   size_t MaxNewSize                               = 2566914048                                {product} {ergonomic}
   size_t MinHeapDeltaBytes                        = 2097152                                   {product} {ergonomic}
   size_t MinHeapSize                              = 8388608                                   {product} {ergonomic}
    uintx NonNMethodCodeHeapSize                   = 5832780                                {pd product} {ergonomic}
    uintx NonProfiledCodeHeapSize                  = 122912730                              {pd product} {ergonomic}
    uintx ProfiledCodeHeapSize                     = 122912730                              {pd product} {ergonomic}
    uintx ReservedCodeCacheSize                    = 251658240                              {pd product} {ergonomic}
     bool SegmentedCodeCache                       = true                                      {product} {ergonomic}
   size_t SoftMaxHeapSize                          = 4278190080                             {manageable} {ergonomic}
     bool UseCompressedClassPointers               = true                                 {lp64_product} {ergonomic}
     bool UseCompressedOops                        = true                                 {lp64_product} {ergonomic}
     bool UseG1GC                                  = true                                      {product} {ergonomic}
     bool UseLargePagesIndividualAllocation        = false                                  {pd product} {ergonomic}

Logging:
Log output configuration:
 #0: stdout all=warning uptime,level,tags
 #1: stderr all=off uptime,level,tags

Environment Variables:
JAVA_HOME=C:\Program Files\Java\jdk-15
PATH=C:\Program Files\Java\jdk-15\bin;C:\Program Files\AdoptOpenJDK\jdk-11.0.4.11-hotspot\bin;C:\Program Files (x86)\Common Files\Oracle\Java\javapath;C:\Windows\system32;C:\Windows;C:\Windows\System32\Wbem;C:\Windows\System32\WindowsPowerShell\v1.0\;C:\Windows\System32\OpenSSH\;C:\Program Files (x86)\NVIDIA Corporation\PhysX\Common;C:\Program Files\dotnet\;C:\Apps\CMake\bin;C:\WINDOWS\system32;C:\WINDOWS;C:\WINDOWS\System32\Wbem;C:\WINDOWS\System32\WindowsPowerShell\v1.0\;C:\WINDOWS\System32\OpenSSH\;;C:\Program Files\NVIDIA Corporation\NVIDIA NvDLISR;C:\Program Files (x86)\dotnet\;C:\Users\Owner\AppData\Local\Microsoft\WindowsApps;C:\Users\Owner\AppData\Local\Microsoft\WindowsApps
USERNAME=Owner
OS=Windows_NT
PROCESSOR_IDENTIFIER=Intel64 Family 6 Model 158 Stepping 10, GenuineIntel



---------------  S Y S T E M  ---------------

OS:
 Windows 10 , 64 bit Build 19041 (10.0.19041.804)
OS uptime: 0 days 8:40 hours

CPU: total 6 (initial active 6) (6 cores per cpu, 1 threads per core) family 6 model 158 stepping 10, cmov, cx8, fxsr, mmx, sse, sse2, sse3, ssse3, sse4.1, sse4.2, popcnt, vzeroupper, avx, avx2, aes, clmul, erms, 3dnowpref, lzcnt, tsc, tscinvbit, bmi1, bmi2, adx, fma, clflush, clflushopt

Memory: 4k page, system-wide physical 16318M (10107M free)
TotalPageFile size 18750M (AvailPageFile size 7550M)
current process WorkingSet (physical memory assigned to process): 166M, peak: 166M
current process commit charge ("private bytes"): 399M, peak: 399M

vm_info: Java HotSpot(TM) 64-Bit Server VM (15+36-1562) for windows-amd64 JRE (15+36-1562), built on Aug 11 2020 22:38:02 by "mach5one" with unknown MS VC++:1925

END.
